2017-12-04 11:30:51 +0000  Initial pipeline context: <IDEDistributionProcessingPipelineContext: 0x7f833832c150; archive(resolved)='<IDEArchive: 0x7f833821f6b0>', distributionTask(resolved)='2', distributionMethod(resolved)='<IDEDistributionMethodiOSAppStoreExport: 0x7f8332190df0>', team(resolved)='<IDEProvisioningBasicTeam 0x7f8338d15030: teamID: 827K684CMB, teamName: Qun Yang>'>
	Chain (11, self inclusive):
	<IDEDistributionProcessingPipelineContext: 0x7f833832c150; archive = '<IDEArchive: 0x7f833821f6b0>', distributionMethod='<IDEDistributionMethodiOSAppStoreExport: 0x7f8332190df0>', team='<IDEProvisioningBasicTeam 0x7f8338d15030: teamID: 827K684CMB, teamName: Qun Yang>'>
	<IDEDistributionProcessingPipelineContext: 0x7f834691ad20; archive = '<IDEArchive: 0x7f833821f6b0>', distributionMethod='<IDEDistributionMethodiOSAppStoreExport: 0x7f8332190df0>', team='<IDEProvisioningBasicTeam 0x7f8338d15030: teamID: 827K684CMB, teamName: Qun Yang>'>
	<IDEDistributionContext: 0x7f8339221df0; archive = '<IDEArchive: 0x7f833821f6b0>', distributionMethod='<IDEDistributionMethodiOSAppStoreExport: 0x7f8332190df0>', team='<IDEProvisioningBasicTeam 0x7f8338d15030: teamID: 827K684CMB, teamName: Qun Yang>'>
	<IDEDistributionContext: 0x7f8334fef100; archive = '<IDEArchive: 0x7f833821f6b0>', distributionMethod='<IDEDistributionMethodiOSAppStoreExport: 0x7f8332190df0>', team='<IDEProvisioningBasicTeam 0x7f8338d15030: teamID: 827K684CMB, teamName: Qun Yang>'>
	<IDEDistributionContext: 0x7f8338bfb320; archive = '<IDEArchive: 0x7f833821f6b0>', distributionMethod='<IDEDistributionMethodiOSAppStoreExport: 0x7f8332190df0>', team='<IDEProvisioningBasicTeam 0x7f8338d15030: teamID: 827K684CMB, teamName: Qun Yang>'>
	<IDEDistributionContext: 0x7f8332559910; archive = '<IDEArchive: 0x7f833821f6b0>', distributionMethod='<IDEDistributionMethodiOSAppStoreExport: 0x7f8332190df0>', team='<IDEProvisioningBasicTeam 0x7f8338d15030: teamID: 827K684CMB, teamName: Qun Yang>'>
	<IDEDistributionContext: 0x7f8346acf320; archive = '<IDEArchive: 0x7f833821f6b0>', distributionMethod='<IDEDistributionMethodiOSAppStoreExport: 0x7f8332190df0>', team='<IDEProvisioningBasicTeam 0x7f8338d15030: teamID: 827K684CMB, teamName: Qun Yang>'>
	<IDEDistributionContext: 0x7f8346aef300; archive = '<IDEArchive: 0x7f833821f6b0>', distributionMethod='<IDEDistributionMethodiOSAppStoreExport: 0x7f8332190df0>', team='<IDEProvisioningBasicTeam 0x7f8338d15030: teamID: 827K684CMB, teamName: Qun Yang>'>
	<IDEDistributionContext: 0x7f833a491960; archive = '<IDEArchive: 0x7f833821f6b0>', distributionMethod='<IDEDistributionMethodiOSAppStoreExport: 0x7f8332190df0>', team='<IDEProvisioningBasicTeam 0x7f8338d15030: teamID: 827K684CMB, teamName: Qun Yang>'>
	<IDEDistributionContext: 0x7f833b0460a0; archive = '<IDEArchive: 0x7f833821f6b0>', distributionMethod='<IDEDistributionMethodiOSAppStoreExport: 0x7f8332190df0>', team='(null)'>
	<IDEDistributionContext: 0x7f833ad94310; archive = '<IDEArchive: 0x7f833821f6b0>', distributionMethod='(null)', team='(null)'>
</IDEDistributionProcessingPipelineContext: 0x7f833832c150>
2017-12-04 11:30:51 +0000  Processing step: IDEDistributionCreateDestRootStep
2017-12-04 11:30:51 +0000  Processing step: IDEDistributionCopyItemStep
2017-12-04 11:30:51 +0000  Running /usr/bin/ditto '-V' '/Users/liyongfei/Library/Developer/Xcode/Archives/2017-12-04/Chapper 2017-12-4 下午7.30.xcarchive/Products/Applications/Chapper.app' '/var/folders/3m/ry94kn393l94_zyzpps8x_tw0000gn/T/XcodeDistPipeline.7uD/Root/Payload/Chapper.app'
2017-12-04 11:30:51 +0000  >>> Copying /Users/liyongfei/Library/Developer/Xcode/Archives/2017-12-04/Chapper 2017-12-4 下午7.30.xcarchive/Products/Applications/Chapper.app 
2017-12-04 11:30:51 +0000  
2017-12-04 11:30:51 +0000  copying file ./_CodeSignature/CodeResources ... 
2017-12-04 11:30:51 +0000  29580 bytes for ./_CodeSignature/CodeResources
2017-12-04 11:30:51 +0000  copying file ./LaunchImage@2x.png ... 
2017-12-04 11:30:51 +0000  873746 bytes for ./LaunchImage@2x.png
2017-12-04 11:30:51 +0000  copying file ./AlipaySDK.bundle/shutdown@2x.png ... 
222 bytes for ./AlipaySDK.bundle/shutdown@2x.png
copying file ./AlipaySDK.bundle/refresh@2x.png ... 
605 bytes for ./AlipaySDK.bundle/refresh@2x.png
copying file ./AlipaySDK.bundle/refresh_click@2x.png ... 
2017-12-04 11:30:51 +0000  1824 bytes for ./AlipaySDK.bundle/refresh_click@2x.png
copying file ./AlipaySDK.bundle/shutdown_click@2x.png ... 
2017-12-04 11:30:51 +0000  1319 bytes for ./AlipaySDK.bundle/shutdown_click@2x.png
copying file ./AlipaySDK.bundle/bar@2x.png ... 
2017-12-04 11:30:51 +0000  1011 bytes for ./AlipaySDK.bundle/bar@2x.png
2017-12-04 11:30:51 +0000  copying file ./ZMDetailTableViewCell.nib ... 
2017-12-04 11:30:51 +0000  2461 bytes for ./ZMDetailTableViewCell.nib
copying file ./ZMChioceTableViewCell.nib ... 
2017-12-04 11:30:51 +0000  7042 bytes for ./ZMChioceTableViewCell.nib
2017-12-04 11:30:51 +0000  copying file ./MJRefresh.bundle/zh-Hans.lproj/Localizable.strings ... 
2017-12-04 11:30:51 +0000  1194 bytes for ./MJRefresh.bundle/zh-Hans.lproj/Localizable.strings
2017-12-04 11:30:51 +0000  copying file ./MJRefresh.bundle/en.lproj/Localizable.strings ... 
2017-12-04 11:30:51 +0000  1372 bytes for ./MJRefresh.bundle/en.lproj/Localizable.strings
2017-12-04 11:30:51 +0000  copying file ./MJRefresh.bundle/arrow@2x.png ... 
2017-12-04 11:30:51 +0000  1033 bytes for ./MJRefresh.bundle/arrow@2x.png
2017-12-04 11:30:51 +0000  copying file ./MJRefresh.bundle/zh-Hant.lproj/Localizable.strings ... 
2017-12-04 11:30:51 +0000  773 bytes for ./MJRefresh.bundle/zh-Hant.lproj/Localizable.strings
2017-12-04 11:30:51 +0000  copying file ./ALPLinkPartnerSDK.bundle/localConfig.json ... 
2017-12-04 11:30:51 +0000  783 bytes for ./ALPLinkPartnerSDK.bundle/localConfig.json
2017-12-04 11:30:51 +0000  copying file ./ZMCollectTableViewCell.nib ... 
2017-12-04 11:30:51 +0000  5457 bytes for ./ZMCollectTableViewCell.nib
2017-12-04 11:30:51 +0000  copying file ./LaunchImage-568h@2x.png ... 
2017-12-04 11:30:51 +0000  155152 bytes for ./LaunchImage-568h@2x.png
copying file ./LaunchImage-1100-2436h@3x.png ... 
2017-12-04 11:30:51 +0000  395120 bytes for ./LaunchImage-1100-2436h@3x.png
copying file ./AppIcon60x60@2x.png ... 
2017-12-04 11:30:51 +0000  7990 bytes for ./AppIcon60x60@2x.png
copying file ./myMenu.plist ... 
2017-12-04 11:30:51 +0000  203 bytes for ./myMenu.plist
copying file ./AppIcon29x29@2x.png ... 
2017-12-04 11:30:51 +0000  3929 bytes for ./AppIcon29x29@2x.png
2017-12-04 11:30:51 +0000  copying file ./LaunchImage-800-667h@2x.png ... 
2017-12-04 11:30:51 +0000  199755 bytes for ./LaunchImage-800-667h@2x.png
copying file ./AppIcon40x40@3x.png ... 
2017-12-04 11:30:51 +0000  7990 bytes for ./AppIcon40x40@3x.png
copying file ./Chapper ... 
2017-12-04 11:30:51 +0000  8830576 bytes for ./Chapper
2017-12-04 11:30:51 +0000  copying file ./AppIcon40x40@2x.png ... 
5597 bytes for ./AppIcon40x40@2x.png
copying file ./PYSearch.bundle/clearImage@2x.png ... 
534 bytes for ./PYSearch.bundle/clearImage@2x.png
copying file ./PYSearch.bundle/zh-Hans.lproj/Localizable.strings ... 
556 bytes for ./PYSearch.bundle/zh-Hans.lproj/Localizable.strings
copying file ./PYSearch.bundle/cell-content-line@2x.png ... 
1308 bytes for ./PYSearch.bundle/cell-content-line@2x.png
copying file ./PYSearch.bundle/search@2x.png ... 
716 bytes for ./PYSearch.bundle/search@2x.png
copying file ./PYSearch.bundle/en.lproj/Localizable.strings ... 
352 bytes for ./PYSearch.bundle/en.lproj/Localizable.strings
copying file ./PYSearch.bundle/search@3x.png ... 
2554 bytes for ./PYSearch.bundle/search@3x.png
copying file ./PYSearch.bundle/cell-content-line@3x.png ... 
1025 bytes for ./PYSearch.bundle/cell-content-line@3x.png
copying file ./PYSearch.bundle/es.lproj/Localizable.strings ... 
378 bytes for ./PYSearch.bundle/es.lproj/Localizable.strings
copying file ./PYSearch.bundle/clearImage@3x.png ... 
554 bytes for ./PYSearch.bundle/clearImage@3x.png
copying file ./PYSearch.bundle/cell-content-line-vertical@2x.png ... 
1267 bytes for ./PYSearch.bundle/cell-content-line-vertical@2x.png
copying file ./PYSearch.bundle/cell-content-line-vertical@3x.png ... 
1298 bytes for ./PYSearch.bundle/cell-content-line-vertical@3x.png
copying file ./PYSearch.bundle/zh-Hant.lproj/Localizable.strings ... 
333 bytes for ./PYSearch.bundle/zh-Hant.lproj/Localizable.strings
copying file ./PYSearch.bundle/empty@3x.png ... 
935 bytes for ./PYSearch.bundle/empty@3x.png
copying file ./PYSearch.bundle/empty@2x.png ... 
625 bytes for ./PYSearch.bundle/empty@2x.png
copying file ./PYSearch.bundle/search_history@3x.png ... 
946 bytes for ./PYSearch.bundle/search_history@3x.png
copying file ./PYSearch.bundle/fr.lproj/Localizable.strings ... 
399 bytes for ./PYSearch.bundle/fr.lproj/Localizable.strings
copying file ./PYSearch.bundle/close@3x.png ... 
466 bytes for ./PYSearch.bundle/close@3x.png
copying file ./PYSearch.bundle/close@2x.png ... 
348 bytes for ./PYSearch.bundle/close@2x.png
copying file ./PYSearch.bundle/search_history@2x.png ... 
663 bytes for ./PYSearch.bundle/search_history@2x.png
copying file ./ZMADViewController.nib/objects-11.0+.nib ... 
3413 bytes for ./ZMADViewController.nib/objects-11.0+.nib
copying file ./ZMADViewController.nib/runtime.nib ... 
2742 bytes for ./ZMADViewController.nib/runtime.nib
copying file ./AppIcon29x29@3x.png ... 
5997 bytes for ./AppIcon29x29@3x.png
copying file ./AppIcon60x60@3x.png ... 
12046 bytes for ./AppIcon60x60@3x.png
copying file ./Base.lproj/Main.storyboardc/UIViewController-BYZ-38-t0r.nib ... 
916 bytes for ./Base.lproj/Main.storyboardc/UIViewController-BYZ-38-t0r.nib
copying file ./Base.lproj/Main.storyboardc/BYZ-38-t0r-view-8bC-Xf-vdC.nib ... 
1987 bytes for ./Base.lproj/Main.storyboardc/BYZ-38-t0r-view-8bC-Xf-vdC.nib
copying file ./Base.lproj/Main.storyboardc/Info.plist ... 
2017-12-04 11:30:51 +0000  258 bytes for ./Base.lproj/Main.storyboardc/Info.plist
2017-12-04 11:30:51 +0000  copying file ./Base.lproj/LaunchScreen.storyboardc/1iu-ZY-Mfr-view-cmm-pc-x5v.nib ... 
2017-12-04 11:30:51 +0000  3284 bytes for ./Base.lproj/LaunchScreen.storyboardc/1iu-ZY-Mfr-view-cmm-pc-x5v.nib
copying file ./Base.lproj/LaunchScreen.storyboardc/UIViewController-1iu-ZY-Mfr.nib ... 
2017-12-04 11:30:51 +0000  832 bytes for ./Base.lproj/LaunchScreen.storyboardc/UIViewController-1iu-ZY-Mfr.nib
2017-12-04 11:30:51 +0000  copying file ./Base.lproj/LaunchScreen.storyboardc/Info.plist ... 
2017-12-04 11:30:51 +0000  258 bytes for ./Base.lproj/LaunchScreen.storyboardc/Info.plist
2017-12-04 11:30:51 +0000  copying file ./Assets.car ... 
2017-12-04 11:30:51 +0000  1686072 bytes for ./Assets.car
copying file ./ZMTreatureCollectionViewCell.nib ... 
2017-12-04 11:30:51 +0000  5560 bytes for ./ZMTreatureCollectionViewCell.nib
copying file ./LaunchImage-800-Portrait-736h@3x.png ... 
457963 bytes for ./LaunchImage-800-Portrait-736h@3x.png
copying file ./ZMHotCollectionViewCell.nib ... 
2017-12-04 11:30:51 +0000  4724 bytes for ./ZMHotCollectionViewCell.nib
copying file ./yw_1222.jpg ... 
2017-12-04 11:30:51 +0000  25984 bytes for ./yw_1222.jpg
copying file ./LaunchImage-700-568h@2x.png ... 
2017-12-04 11:30:51 +0000  155152 bytes for ./LaunchImage-700-568h@2x.png
2017-12-04 11:30:51 +0000  copying file ./LaunchImage.png ... 
2017-12-04 11:30:51 +0000  57778 bytes for ./LaunchImage.png
copying file ./embedded.mobileprovision ... 
2017-12-04 11:30:51 +0000  9702 bytes for ./embedded.mobileprovision
2017-12-04 11:30:51 +0000  copying file ./SVProgressHUD.bundle/info.png ... 
2017-12-04 11:30:51 +0000  365 bytes for ./SVProgressHUD.bundle/info.png
copying file ./SVProgressHUD.bundle/error@3x.png ... 
2017-12-04 11:30:51 +0000  398 bytes for ./SVProgressHUD.bundle/error@3x.png
copying file ./SVProgressHUD.bundle/angle-mask@3x.png ... 
2017-12-04 11:30:51 +0000  8319 bytes for ./SVProgressHUD.bundle/angle-mask@3x.png
2017-12-04 11:30:51 +0000  copying file ./SVProgressHUD.bundle/angle-mask@2x.png ... 
2017-12-04 11:30:51 +0000  4893 bytes for ./SVProgressHUD.bundle/angle-mask@2x.png
copying file ./SVProgressHUD.bundle/error@2x.png ... 
2017-12-04 11:30:51 +0000  306 bytes for ./SVProgressHUD.bundle/error@2x.png
copying file ./SVProgressHUD.bundle/info@3x.png ... 
2017-12-04 11:30:51 +0000  1200 bytes for ./SVProgressHUD.bundle/info@3x.png
2017-12-04 11:30:51 +0000  copying file ./SVProgressHUD.bundle/success@2x.png ... 
2017-12-04 11:30:51 +0000  462 bytes for ./SVProgressHUD.bundle/success@2x.png
copying file ./SVProgressHUD.bundle/success@3x.png ... 
2017-12-04 11:30:51 +0000  714 bytes for ./SVProgressHUD.bundle/success@3x.png
copying file ./SVProgressHUD.bundle/info@2x.png ... 
2017-12-04 11:30:51 +0000  816 bytes for ./SVProgressHUD.bundle/info@2x.png
2017-12-04 11:30:51 +0000  copying file ./SVProgressHUD.bundle/error.png ... 
2017-12-04 11:30:51 +0000  184 bytes for ./SVProgressHUD.bundle/error.png
copying file ./SVProgressHUD.bundle/success.png ... 
2017-12-04 11:30:51 +0000  262 bytes for ./SVProgressHUD.bundle/success.png
2017-12-04 11:30:51 +0000  copying file ./SVProgressHUD.bundle/angle-mask.png ... 
2017-12-04 11:30:51 +0000  1845 bytes for ./SVProgressHUD.bundle/angle-mask.png
2017-12-04 11:30:51 +0000  copying file ./NBResource.bundle/back@2x.png ... 
2017-12-04 11:30:51 +0000  765 bytes for ./NBResource.bundle/back@2x.png
2017-12-04 11:30:51 +0000  copying file ./NBResource.bundle/en.lproj/Root.strings ... 
2017-12-04 11:30:51 +0000  546 bytes for ./NBResource.bundle/en.lproj/Root.strings
2017-12-04 11:30:51 +0000  copying file ./NBResource.bundle/back@3x.png ... 
2017-12-04 11:30:51 +0000  1058 bytes for ./NBResource.bundle/back@3x.png
copying file ./NBResource.bundle/localConfig.json ... 
2017-12-04 11:30:51 +0000  512 bytes for ./NBResource.bundle/localConfig.json
copying file ./NBResource.bundle/whiteClose@2x.png ... 
2017-12-04 11:30:51 +0000  773 bytes for ./NBResource.bundle/whiteClose@2x.png
copying file ./NBResource.bundle/whiteClose@3x.png ... 
2017-12-04 11:30:51 +0000  1174 bytes for ./NBResource.bundle/whiteClose@3x.png
2017-12-04 11:30:51 +0000  copying file ./NBResource.bundle/Root.plist ... 
2017-12-04 11:30:51 +0000  1456 bytes for ./NBResource.bundle/Root.plist
2017-12-04 11:30:51 +0000  copying file ./NBResource.bundle/close@3x.png ... 
2017-12-04 11:30:51 +0000  2203 bytes for ./NBResource.bundle/close@3x.png
2017-12-04 11:30:51 +0000  copying file ./NBResource.bundle/urlConfig.json ... 
2017-12-04 11:30:51 +0000  698 bytes for ./NBResource.bundle/urlConfig.json
2017-12-04 11:30:51 +0000  copying file ./NBResource.bundle/close@2x.png ... 
2017-12-04 11:30:51 +0000  1510 bytes for ./NBResource.bundle/close@2x.png
2017-12-04 11:30:51 +0000  copying file ./Info.plist ... 
2017-12-04 11:30:51 +0000  1998 bytes for ./Info.plist
copying file ./PkgInfo ... 
2017-12-04 11:30:51 +0000  8 bytes for ./PkgInfo
2017-12-04 11:30:51 +0000  2017-12-04 11:30:51 +0000  

2017-12-04 11:30:51 +0000  /usr/bin/ditto exited with 02017-12-04 11:30:51 +0000  

2017-12-04 11:30:51 +0000  2017-12-04 11:30:51 +0000  Processing step: IDEDistributionEmbedProfileStep

2017-12-04 11:30:51 +0000  Processing step: IDEDistributionItemRemovalStep
2017-12-04 11:30:51 +0000  Processing step: IDEDistributionAppThinningPlistStep
2017-12-04 11:30:51 +0000  Skipping step: IDEDistributionAppThinningPlistStep because it said so
2017-12-04 11:30:51 +0000  Processing step: IDEDistributionCompileBitcodeStep
2017-12-04 11:30:51 +0000  Skipping step: IDEDistributionCompileBitcodeStep because it said so
2017-12-04 11:30:51 +0000  Processing step: IDEDistributionCodeSlimmingStep
2017-12-04 11:30:51 +0000  Processing step: IDEDistributionCopyBCSymbolMapsStep
2017-12-04 11:30:51 +0000  Processing step: IDEDistributionSymbolsStep
2017-12-04 11:30:51 +0000  Processing symbols for Chapper.app
2017-12-04 11:30:51 +0000  Running /usr/bin/rsync '-8aPhhE' '/var/folders/3m/ry94kn393l94_zyzpps8x_tw0000gn/T/XcodeDistPipeline.7uD/Root/Payload/Chapper.app' '--link-dest' '/var/folders/3m/ry94kn393l94_zyzpps8x_tw0000gn/T/XcodeDistPipeline.7uD/Root/Payload' '/var/folders/3m/ry94kn393l94_zyzpps8x_tw0000gn/T/XcodeDistPipeline.7uD'
2017-12-04 11:30:51 +0000  building file list ... 
2017-12-04 11:30:51 +0000   0 files...2017-12-04 11:30:51 +0000   100 files...2017-12-04 11:30:51 +0000  107 files to consider
2017-12-04 11:30:51 +0000  Chapper.app/
2017-12-04 11:30:51 +0000  Chapper.app/ALPLinkPartnerSDK.bundle/
Chapper.app/AlipaySDK.bundle/
Chapper.app/Base.lproj/
2017-12-04 11:30:51 +0000  Chapper.app/Base.lproj/LaunchScreen.storyboardc/
Chapper.app/Base.lproj/Main.storyboardc/
Chapper.app/Frameworks/
Chapper.app/MJRefresh.bundle/
Chapper.app/MJRefresh.bundle/en.lproj/
Chapper.app/MJRefresh.bundle/zh-Hans.lproj/
Chapper.app/MJRefresh.bundle/zh-Hant.lproj/
Chapper.app/NBResource.bundle/
Chapper.app/NBResource.bundle/en.lproj/
Chapper.app/PYSearch.bundle/
Chapper.app/PYSearch.bundle/en.lproj/
Chapper.app/PYSearch.bundle/es.lproj/
Chapper.app/PYSearch.bundle/fr.lproj/
Chapper.app/PYSearch.bundle/zh-Hans.lproj/
Chapper.app/PYSearch.bundle/zh-Hant.lproj/
Chapper.app/SVProgressHUD.bundle/
Chapper.app/ZMADViewController.nib/
Chapper.app/_CodeSignature/
2017-12-04 11:30:51 +0000  
sent 3.28K bytes  received 152 bytes  6.86K bytes/sec
total size is 12.42M  speedup is 3707.99
2017-12-04 11:30:51 +0000  2017-12-04 11:30:51 +0000  

2017-12-04 11:30:51 +0000  
2017-12-04 11:30:51 +0000  
2017-12-04 11:30:51 +0000  
2017-12-04 11:30:51 +0000  
2017-12-04 11:30:51 +0000  
2017-12-04 11:30:51 +0000  
2017-12-04 11:30:51 +0000  
2017-12-04 11:30:51 +0000  
2017-12-04 11:30:51 +0000  /usr/bin/rsync exited with 0
2017-12-04 11:30:51 +0000  2017-12-04 11:30:51 +0000  

2017-12-04 11:30:51 +0000  Running /usr/bin/rsync '-8aPhhE' '/Users/liyongfei/Library/Developer/Xcode/Archives/2017-12-04/Chapper 2017-12-4 下午7.30.xcarchive/dSYMs/' '--link-dest' '/Users/liyongfei/Library/Developer/Xcode/Archives/2017-12-04/Chapper 2017-12-4 下午7.30.xcarchive/dSYMs/' '/var/folders/3m/ry94kn393l94_zyzpps8x_tw0000gn/T/XcodeDistPipeline.7uD'
2017-12-04 11:30:51 +0000  building file list ... 
2017-12-04 11:30:51 +0000   0 files...2017-12-04 11:30:51 +0000  7 files to consider
2017-12-04 11:30:51 +0000  ./
2017-12-04 11:30:51 +0000  Chapper.app.dSYM/
Chapper.app.dSYM/Contents/
2017-12-04 11:30:51 +0000  Chapper.app.dSYM/Contents/Resources/
Chapper.app.dSYM/Contents/Resources/DWARF/
2017-12-04 11:30:51 +0000  
sent 238 bytes  received 50 bytes  576.00 bytes/sec
total size is 10.69M  speedup is 38922.60
2017-12-04 11:30:51 +0000  2017-12-04 11:30:51 +0000  

2017-12-04 11:30:51 +0000  
2017-12-04 11:30:51 +0000  
2017-12-04 11:30:51 +0000  
2017-12-04 11:30:51 +0000  
2017-12-04 11:30:51 +0000  
2017-12-04 11:30:51 +0000  
2017-12-04 11:30:51 +0000  
2017-12-04 11:30:51 +0000  2017-12-04 11:30:51 +0000  /usr/bin/rsync exited with 0
2017-12-04 11:30:51 +0000  
2017-12-04 11:30:51 +0000  

2017-12-04 11:30:51 +0000  Running /Applications/Xcode.app/Contents/Developer/usr/bin/symbols '-noTextInSOD' '-noDaemon' '-arch' 'all' '-symbolsPackageDir' '/var/folders/3m/ry94kn393l94_zyzpps8x_tw0000gn/T/XcodeDistPipeline.7uD/Symbols' '/var/folders/3m/ry94kn393l94_zyzpps8x_tw0000gn/T/XcodeDistPipeline.7uD/Chapper.app.dSYM/Contents/Resources/Dwarf/Chapper'
2017-12-04 11:30:56 +0000  /var/folders/3m/ry94kn393l94_zyzpps8x_tw0000gn/T/XcodeDistPipeline.7uD/Chapper.app.dSYM/Contents/Resources/Dwarf/Chapper [armv7, 0.328487 seconds]:
/var/folders/3m/ry94kn393l94_zyzpps8x_tw0000gn/T/XcodeDistPipeline.7uD/Chapper.app.dSYM/Contents/Resources/Dwarf/Chapper [arm64, 0.328487 seconds]:
2017-12-04 11:30:56 +0000  2017-12-04 11:30:56 +0000  

2017-12-04 11:30:56 +0000  
2017-12-04 11:30:56 +0000  
2017-12-04 11:30:56 +0000  
2017-12-04 11:30:56 +0000  
2017-12-04 11:30:56 +0000  2017-12-04 11:30:56 +0000  /Applications/Xcode.app/Contents/Developer/usr/bin/symbols exited with 0
2017-12-04 11:30:56 +0000  

2017-12-04 11:30:56 +0000  
2017-12-04 11:30:56 +0000  Processing step: IDEDistributionCopyAppleProvidedContentStep
2017-12-04 11:30:56 +0000  Processing step: IDEDistributionAppThinningStep
2017-12-04 11:30:56 +0000  Skipping step: IDEDistributionAppThinningStep because it said so
2017-12-04 11:30:56 +0000  Processing step: IDEDistributionODRStep
2017-12-04 11:30:56 +0000  Processing step: IDEDistributionStripXattrsStep
2017-12-04 11:30:56 +0000  Running /usr/bin/xattr '-cr' '/var/folders/3m/ry94kn393l94_zyzpps8x_tw0000gn/T/XcodeDistPipeline.7uD/Root/Payload/Chapper.app'
2017-12-04 11:30:56 +0000  
2017-12-04 11:30:56 +0000  2017-12-04 11:30:56 +0000  /usr/bin/xattr exited with 0
2017-12-04 11:30:56 +0000  

2017-12-04 11:30:56 +0000  Processing step: IDEDistributionCodesignStep
2017-12-04 11:30:56 +0000  Applying entitlements delta for <IDEDistributionItem: 0x7f833918cf80 'com.yangqun.quan' '<DVTFilePath:0x7f833aff9f20:'/Users/liyongfei/Library/Developer/Xcode/Archives/2017-12-04/Chapper 2017-12-4 下午7.30.xcarchive/Products/Applications/Chapper.app'>'> from <IDEiCloudEntitlementsProcessor: 0x7f83340a0ba0>: {
}
2017-12-04 11:30:56 +0000  Entitlements for <IDEDistributionItem: 0x7f833918cf80 'com.yangqun.quan' '<DVTFilePath:0x7f833aff9f20:'/Users/liyongfei/Library/Developer/Xcode/Archives/2017-12-04/Chapper 2017-12-4 下午7.30.xcarchive/Products/Applications/Chapper.app'>'>: {
    "application-identifier" = "827K684CMB.com.yangqun.quan";
    "aps-environment" = production;
    "beta-reports-active" = 1;
    "com.apple.developer.team-identifier" = 827K684CMB;
    "get-task-allow" = 0;
}
2017-12-04 11:30:56 +0000  Writing entitlements for <IDEDistributionItem: 0x7f833918cf80 'com.yangqun.quan' '<DVTFilePath:0x7f833aff9f20:'/Users/liyongfei/Library/Developer/Xcode/Archives/2017-12-04/Chapper 2017-12-4 下午7.30.xcarchive/Products/Applications/Chapper.app'>'> to: /var/folders/3m/ry94kn393l94_zyzpps8x_tw0000gn/T/XcodeDistPipeline.7uD/entitlementsgcFwUM
2017-12-04 11:30:56 +0000  Running /usr/bin/codesign '-vvv' '--force' '--sign' 'D5EE3BB675E5B7423CE60F5598ADBF8D368A6F88' '--preserve-metadata=identifier,flags' '--entitlements' '/var/folders/3m/ry94kn393l94_zyzpps8x_tw0000gn/T/XcodeDistPipeline.7uD/entitlementsgcFwUM' '/var/folders/3m/ry94kn393l94_zyzpps8x_tw0000gn/T/XcodeDistPipeline.7uD/Root/Payload/Chapper.app'
2017-12-04 11:30:56 +0000  /var/folders/3m/ry94kn393l94_zyzpps8x_tw0000gn/T/XcodeDistPipeline.7uD/Root/Payload/Chapper.app: replacing existing signature
2017-12-04 11:30:57 +0000  /var/folders/3m/ry94kn393l94_zyzpps8x_tw0000gn/T/XcodeDistPipeline.7uD/Root/Payload/Chapper.app: signed app bundle with Mach-O universal (armv7 arm64) [com.yangqun.quan]
2017-12-04 11:30:57 +0000  
2017-12-04 11:30:57 +0000  
2017-12-04 11:30:57 +0000  
2017-12-04 11:30:57 +0000  2017-12-04 11:30:57 +0000  /usr/bin/codesign exited with 02017-12-04 11:30:57 +0000  


2017-12-04 11:30:57 +0000  
2017-12-04 11:30:57 +0000  Processing step: IDEDistributionStreamingZipItemStep
2017-12-04 11:30:57 +0000  Skipping step: IDEDistributionStreamingZipItemStep because it said so
2017-12-04 11:30:57 +0000  Processing step: IDEDistributionCreateIPAStep
2017-12-04 11:30:57 +0000  Running /usr/bin/rsync '-8aPhhE' '/var/folders/3m/ry94kn393l94_zyzpps8x_tw0000gn/T/XcodeDistPipeline.7uD/Symbols' '--link-dest' '/var/folders/3m/ry94kn393l94_zyzpps8x_tw0000gn/T/XcodeDistPipeline.7uD' '/var/folders/3m/ry94kn393l94_zyzpps8x_tw0000gn/T/XcodeDistPipeline.7uD/Root'
2017-12-04 11:30:57 +0000  building file list ... 
2017-12-04 11:30:57 +0000   0 files...2017-12-04 11:30:57 +0000  3 files to consider
2017-12-04 11:30:57 +0000  Symbols/
2017-12-04 11:30:57 +0000  
sent 198 bytes  received 26 bytes  448.00 bytes/sec
total size is 5.84M  speedup is 27338.32
2017-12-04 11:30:57 +0000  2017-12-04 11:30:57 +0000  

2017-12-04 11:30:57 +0000  
2017-12-04 11:30:57 +0000  
2017-12-04 11:30:57 +0000  
2017-12-04 11:30:57 +0000  2017-12-04 11:30:57 +0000  

2017-12-04 11:30:57 +0000  
2017-12-04 11:30:57 +0000  2017-12-04 11:30:57 +0000  

2017-12-04 11:30:57 +0000  2017-12-04 11:30:57 +0000  /usr/bin/rsync exited with 0
2017-12-04 11:30:57 +0000  

2017-12-04 11:30:57 +0000  
2017-12-04 11:30:57 +0000  Running /usr/bin/ditto '-V' '-c' '-k' '--norsrc' '/var/folders/3m/ry94kn393l94_zyzpps8x_tw0000gn/T/XcodeDistPipeline.7uD/Root' '/var/folders/3m/ry94kn393l94_zyzpps8x_tw0000gn/T/XcodeDistPipeline.7uD/Packages/Chapper.ipa'
2017-12-04 11:30:57 +0000  >>> Copying /var/folders/3m/ry94kn393l94_zyzpps8x_tw0000gn/T/XcodeDistPipeline.7uD/Root 
2017-12-04 11:30:57 +0000  copying file ./Payload/Chapper.app/_CodeSignature/CodeResources ... 
2017-12-04 11:30:57 +0000  29580 bytes for ./Payload/Chapper.app/_CodeSignature/CodeResources
2017-12-04 11:30:57 +0000  copying file ./Payload/Chapper.app/LaunchImage@2x.png ... 
2017-12-04 11:30:57 +0000  873746 bytes for ./Payload/Chapper.app/LaunchImage@2x.png
2017-12-04 11:30:57 +0000  copying file ./Payload/Chapper.app/AlipaySDK.bundle/shutdown@2x.png ... 
2017-12-04 11:30:57 +0000  222 bytes for ./Payload/Chapper.app/AlipaySDK.bundle/shutdown@2x.png
copying file ./Payload/Chapper.app/AlipaySDK.bundle/refresh@2x.png ... 
2017-12-04 11:30:57 +0000  605 bytes for ./Payload/Chapper.app/AlipaySDK.bundle/refresh@2x.png
copying file ./Payload/Chapper.app/AlipaySDK.bundle/refresh_click@2x.png ... 
2017-12-04 11:30:57 +0000  1824 bytes for ./Payload/Chapper.app/AlipaySDK.bundle/refresh_click@2x.png
2017-12-04 11:30:57 +0000  copying file ./Payload/Chapper.app/AlipaySDK.bundle/shutdown_click@2x.png ... 
2017-12-04 11:30:57 +0000  1319 bytes for ./Payload/Chapper.app/AlipaySDK.bundle/shutdown_click@2x.png
2017-12-04 11:30:57 +0000  copying file ./Payload/Chapper.app/AlipaySDK.bundle/bar@2x.png ... 
2017-12-04 11:30:57 +0000  1011 bytes for ./Payload/Chapper.app/AlipaySDK.bundle/bar@2x.png
2017-12-04 11:30:57 +0000  copying file ./Payload/Chapper.app/ZMDetailTableViewCell.nib ... 
2017-12-04 11:30:57 +0000  2461 bytes for ./Payload/Chapper.app/ZMDetailTableViewCell.nib
2017-12-04 11:30:57 +0000  copying file ./Payload/Chapper.app/ZMChioceTableViewCell.nib ... 
2017-12-04 11:30:57 +0000  7042 bytes for ./Payload/Chapper.app/ZMChioceTableViewCell.nib
2017-12-04 11:30:57 +0000  copying file ./Payload/Chapper.app/MJRefresh.bundle/zh-Hans.lproj/Localizable.strings ... 
2017-12-04 11:30:57 +0000  1194 bytes for ./Payload/Chapper.app/MJRefresh.bundle/zh-Hans.lproj/Localizable.strings
2017-12-04 11:30:57 +0000  copying file ./Payload/Chapper.app/MJRefresh.bundle/en.lproj/Localizable.strings ... 
2017-12-04 11:30:57 +0000  1372 bytes for ./Payload/Chapper.app/MJRefresh.bundle/en.lproj/Localizable.strings
2017-12-04 11:30:57 +0000  copying file ./Payload/Chapper.app/MJRefresh.bundle/arrow@2x.png ... 
2017-12-04 11:30:57 +0000  1033 bytes for ./Payload/Chapper.app/MJRefresh.bundle/arrow@2x.png
copying file ./Payload/Chapper.app/MJRefresh.bundle/zh-Hant.lproj/Localizable.strings ... 
2017-12-04 11:30:57 +0000  773 bytes for ./Payload/Chapper.app/MJRefresh.bundle/zh-Hant.lproj/Localizable.strings
2017-12-04 11:30:57 +0000  copying file ./Payload/Chapper.app/ALPLinkPartnerSDK.bundle/localConfig.json ... 
2017-12-04 11:30:57 +0000  783 bytes for ./Payload/Chapper.app/ALPLinkPartnerSDK.bundle/localConfig.json
2017-12-04 11:30:57 +0000  copying file ./Payload/Chapper.app/ZMCollectTableViewCell.nib ... 
2017-12-04 11:30:57 +0000  5457 bytes for ./Payload/Chapper.app/ZMCollectTableViewCell.nib
copying file ./Payload/Chapper.app/LaunchImage-568h@2x.png ... 
2017-12-04 11:30:57 +0000  155152 bytes for ./Payload/Chapper.app/LaunchImage-568h@2x.png
2017-12-04 11:30:57 +0000  copying file ./Payload/Chapper.app/LaunchImage-1100-2436h@3x.png ... 
2017-12-04 11:30:57 +0000  395120 bytes for ./Payload/Chapper.app/LaunchImage-1100-2436h@3x.png
2017-12-04 11:30:57 +0000  copying file ./Payload/Chapper.app/AppIcon60x60@2x.png ... 
2017-12-04 11:30:57 +0000  7990 bytes for ./Payload/Chapper.app/AppIcon60x60@2x.png
2017-12-04 11:30:57 +0000  copying file ./Payload/Chapper.app/myMenu.plist ... 
2017-12-04 11:30:57 +0000  203 bytes for ./Payload/Chapper.app/myMenu.plist
2017-12-04 11:30:57 +0000  copying file ./Payload/Chapper.app/AppIcon29x29@2x.png ... 
2017-12-04 11:30:57 +0000  3929 bytes for ./Payload/Chapper.app/AppIcon29x29@2x.png
2017-12-04 11:30:57 +0000  copying file ./Payload/Chapper.app/LaunchImage-800-667h@2x.png ... 
2017-12-04 11:30:57 +0000  199755 bytes for ./Payload/Chapper.app/LaunchImage-800-667h@2x.png
2017-12-04 11:30:57 +0000  copying file ./Payload/Chapper.app/AppIcon40x40@3x.png ... 
2017-12-04 11:30:57 +0000  7990 bytes for ./Payload/Chapper.app/AppIcon40x40@3x.png
2017-12-04 11:30:57 +0000  copying file ./Payload/Chapper.app/Chapper ... 
2017-12-04 11:30:57 +0000  8830624 bytes for ./Payload/Chapper.app/Chapper
2017-12-04 11:30:57 +0000  copying file ./Payload/Chapper.app/AppIcon40x40@2x.png ... 
2017-12-04 11:30:57 +0000  5597 bytes for ./Payload/Chapper.app/AppIcon40x40@2x.png
2017-12-04 11:30:57 +0000  copying file ./Payload/Chapper.app/PYSearch.bundle/clearImage@2x.png ... 
2017-12-04 11:30:57 +0000  534 bytes for ./Payload/Chapper.app/PYSearch.bundle/clearImage@2x.png
2017-12-04 11:30:57 +0000  copying file ./Payload/Chapper.app/PYSearch.bundle/zh-Hans.lproj/Localizable.strings ... 
2017-12-04 11:30:57 +0000  556 bytes for ./Payload/Chapper.app/PYSearch.bundle/zh-Hans.lproj/Localizable.strings
2017-12-04 11:30:57 +0000  copying file ./Payload/Chapper.app/PYSearch.bundle/cell-content-line@2x.png ... 
2017-12-04 11:30:57 +0000  1308 bytes for ./Payload/Chapper.app/PYSearch.bundle/cell-content-line@2x.png
2017-12-04 11:30:57 +0000  copying file ./Payload/Chapper.app/PYSearch.bundle/search@2x.png ... 
2017-12-04 11:30:57 +0000  716 bytes for ./Payload/Chapper.app/PYSearch.bundle/search@2x.png
2017-12-04 11:30:57 +0000  copying file ./Payload/Chapper.app/PYSearch.bundle/en.lproj/Localizable.strings ... 
2017-12-04 11:30:57 +0000  352 bytes for ./Payload/Chapper.app/PYSearch.bundle/en.lproj/Localizable.strings
copying file ./Payload/Chapper.app/PYSearch.bundle/search@3x.png ... 
2017-12-04 11:30:57 +0000  2554 bytes for ./Payload/Chapper.app/PYSearch.bundle/search@3x.png
2017-12-04 11:30:57 +0000  copying file ./Payload/Chapper.app/PYSearch.bundle/cell-content-line@3x.png ... 
2017-12-04 11:30:57 +0000  1025 bytes for ./Payload/Chapper.app/PYSearch.bundle/cell-content-line@3x.png
2017-12-04 11:30:57 +0000  copying file ./Payload/Chapper.app/PYSearch.bundle/es.lproj/Localizable.strings ... 
2017-12-04 11:30:57 +0000  378 bytes for ./Payload/Chapper.app/PYSearch.bundle/es.lproj/Localizable.strings
copying file ./Payload/Chapper.app/PYSearch.bundle/clearImage@3x.png ... 
2017-12-04 11:30:57 +0000  554 bytes for ./Payload/Chapper.app/PYSearch.bundle/clearImage@3x.png
2017-12-04 11:30:57 +0000  copying file ./Payload/Chapper.app/PYSearch.bundle/cell-content-line-vertical@2x.png ... 
2017-12-04 11:30:57 +0000  1267 bytes for ./Payload/Chapper.app/PYSearch.bundle/cell-content-line-vertical@2x.png
copying file ./Payload/Chapper.app/PYSearch.bundle/cell-content-line-vertical@3x.png ... 
2017-12-04 11:30:57 +0000  1298 bytes for ./Payload/Chapper.app/PYSearch.bundle/cell-content-line-vertical@3x.png
2017-12-04 11:30:57 +0000  copying file ./Payload/Chapper.app/PYSearch.bundle/zh-Hant.lproj/Localizable.strings ... 
2017-12-04 11:30:57 +0000  333 bytes for ./Payload/Chapper.app/PYSearch.bundle/zh-Hant.lproj/Localizable.strings
copying file ./Payload/Chapper.app/PYSearch.bundle/empty@3x.png ... 
2017-12-04 11:30:57 +0000  935 bytes for ./Payload/Chapper.app/PYSearch.bundle/empty@3x.png
2017-12-04 11:30:57 +0000  copying file ./Payload/Chapper.app/PYSearch.bundle/empty@2x.png ... 
2017-12-04 11:30:57 +0000  625 bytes for ./Payload/Chapper.app/PYSearch.bundle/empty@2x.png
copying file ./Payload/Chapper.app/PYSearch.bundle/search_history@3x.png ... 
2017-12-04 11:30:57 +0000  946 bytes for ./Payload/Chapper.app/PYSearch.bundle/search_history@3x.png
2017-12-04 11:30:57 +0000  copying file ./Payload/Chapper.app/PYSearch.bundle/fr.lproj/Localizable.strings ... 
2017-12-04 11:30:57 +0000  399 bytes for ./Payload/Chapper.app/PYSearch.bundle/fr.lproj/Localizable.strings
copying file ./Payload/Chapper.app/PYSearch.bundle/close@3x.png ... 
2017-12-04 11:30:57 +0000  466 bytes for ./Payload/Chapper.app/PYSearch.bundle/close@3x.png
copying file ./Payload/Chapper.app/PYSearch.bundle/close@2x.png ... 
2017-12-04 11:30:57 +0000  348 bytes for ./Payload/Chapper.app/PYSearch.bundle/close@2x.png
2017-12-04 11:30:57 +0000  copying file ./Payload/Chapper.app/PYSearch.bundle/search_history@2x.png ... 
2017-12-04 11:30:57 +0000  663 bytes for ./Payload/Chapper.app/PYSearch.bundle/search_history@2x.png
2017-12-04 11:30:57 +0000  copying file ./Payload/Chapper.app/ZMADViewController.nib/objects-11.0+.nib ... 
2017-12-04 11:30:57 +0000  3413 bytes for ./Payload/Chapper.app/ZMADViewController.nib/objects-11.0+.nib
2017-12-04 11:30:57 +0000  copying file ./Payload/Chapper.app/ZMADViewController.nib/runtime.nib ... 
2017-12-04 11:30:57 +0000  2742 bytes for ./Payload/Chapper.app/ZMADViewController.nib/runtime.nib
2017-12-04 11:30:57 +0000  copying file ./Payload/Chapper.app/AppIcon29x29@3x.png ... 
2017-12-04 11:30:57 +0000  5997 bytes for ./Payload/Chapper.app/AppIcon29x29@3x.png
2017-12-04 11:30:57 +0000  copying file ./Payload/Chapper.app/AppIcon60x60@3x.png ... 
2017-12-04 11:30:57 +0000  12046 bytes for ./Payload/Chapper.app/AppIcon60x60@3x.png
2017-12-04 11:30:57 +0000  copying file ./Payload/Chapper.app/Base.lproj/Main.storyboardc/UIViewController-BYZ-38-t0r.nib ... 
2017-12-04 11:30:57 +0000  916 bytes for ./Payload/Chapper.app/Base.lproj/Main.storyboardc/UIViewController-BYZ-38-t0r.nib
2017-12-04 11:30:57 +0000  copying file ./Payload/Chapper.app/Base.lproj/Main.storyboardc/BYZ-38-t0r-view-8bC-Xf-vdC.nib ... 
2017-12-04 11:30:57 +0000  1987 bytes for ./Payload/Chapper.app/Base.lproj/Main.storyboardc/BYZ-38-t0r-view-8bC-Xf-vdC.nib
2017-12-04 11:30:57 +0000  copying file ./Payload/Chapper.app/Base.lproj/Main.storyboardc/Info.plist ... 
2017-12-04 11:30:57 +0000  258 bytes for ./Payload/Chapper.app/Base.lproj/Main.storyboardc/Info.plist
2017-12-04 11:30:57 +0000  copying file ./Payload/Chapper.app/Base.lproj/LaunchScreen.storyboardc/1iu-ZY-Mfr-view-cmm-pc-x5v.nib ... 
2017-12-04 11:30:57 +0000  3284 bytes for ./Payload/Chapper.app/Base.lproj/LaunchScreen.storyboardc/1iu-ZY-Mfr-view-cmm-pc-x5v.nib
2017-12-04 11:30:57 +0000  copying file ./Payload/Chapper.app/Base.lproj/LaunchScreen.storyboardc/UIViewController-1iu-ZY-Mfr.nib ... 
2017-12-04 11:30:57 +0000  832 bytes for ./Payload/Chapper.app/Base.lproj/LaunchScreen.storyboardc/UIViewController-1iu-ZY-Mfr.nib
2017-12-04 11:30:57 +0000  copying file ./Payload/Chapper.app/Base.lproj/LaunchScreen.storyboardc/Info.plist ... 
2017-12-04 11:30:57 +0000  258 bytes for ./Payload/Chapper.app/Base.lproj/LaunchScreen.storyboardc/Info.plist
2017-12-04 11:30:57 +0000  copying file ./Payload/Chapper.app/Assets.car ... 
2017-12-04 11:30:57 +0000  1686072 bytes for ./Payload/Chapper.app/Assets.car
2017-12-04 11:30:57 +0000  copying file ./Payload/Chapper.app/ZMTreatureCollectionViewCell.nib ... 
2017-12-04 11:30:57 +0000  5560 bytes for ./Payload/Chapper.app/ZMTreatureCollectionViewCell.nib
2017-12-04 11:30:57 +0000  copying file ./Payload/Chapper.app/LaunchImage-800-Portrait-736h@3x.png ... 
2017-12-04 11:30:57 +0000  457963 bytes for ./Payload/Chapper.app/LaunchImage-800-Portrait-736h@3x.png
2017-12-04 11:30:57 +0000  copying file ./Payload/Chapper.app/ZMHotCollectionViewCell.nib ... 
2017-12-04 11:30:57 +0000  4724 bytes for ./Payload/Chapper.app/ZMHotCollectionViewCell.nib
2017-12-04 11:30:57 +0000  copying file ./Payload/Chapper.app/yw_1222.jpg ... 
2017-12-04 11:30:57 +0000  25984 bytes for ./Payload/Chapper.app/yw_1222.jpg
2017-12-04 11:30:57 +0000  copying file ./Payload/Chapper.app/LaunchImage-700-568h@2x.png ... 
2017-12-04 11:30:57 +0000  155152 bytes for ./Payload/Chapper.app/LaunchImage-700-568h@2x.png
2017-12-04 11:30:57 +0000  copying file ./Payload/Chapper.app/LaunchImage.png ... 
2017-12-04 11:30:57 +0000  57778 bytes for ./Payload/Chapper.app/LaunchImage.png
2017-12-04 11:30:57 +0000  copying file ./Payload/Chapper.app/embedded.mobileprovision ... 
2017-12-04 11:30:57 +0000  11333 bytes for ./Payload/Chapper.app/embedded.mobileprovision
2017-12-04 11:30:57 +0000  copying file ./Payload/Chapper.app/SVProgressHUD.bundle/info.png ... 
2017-12-04 11:30:57 +0000  365 bytes for ./Payload/Chapper.app/SVProgressHUD.bundle/info.png
2017-12-04 11:30:57 +0000  copying file ./Payload/Chapper.app/SVProgressHUD.bundle/error@3x.png ... 
2017-12-04 11:30:57 +0000  398 bytes for ./Payload/Chapper.app/SVProgressHUD.bundle/error@3x.png
copying file ./Payload/Chapper.app/SVProgressHUD.bundle/angle-mask@3x.png ... 
2017-12-04 11:30:57 +0000  8319 bytes for ./Payload/Chapper.app/SVProgressHUD.bundle/angle-mask@3x.png
2017-12-04 11:30:57 +0000  copying file ./Payload/Chapper.app/SVProgressHUD.bundle/angle-mask@2x.png ... 
2017-12-04 11:30:57 +0000  4893 bytes for ./Payload/Chapper.app/SVProgressHUD.bundle/angle-mask@2x.png
2017-12-04 11:30:57 +0000  copying file ./Payload/Chapper.app/SVProgressHUD.bundle/error@2x.png ... 
2017-12-04 11:30:57 +0000  306 bytes for ./Payload/Chapper.app/SVProgressHUD.bundle/error@2x.png
copying file ./Payload/Chapper.app/SVProgressHUD.bundle/info@3x.png ... 
2017-12-04 11:30:57 +0000  1200 bytes for ./Payload/Chapper.app/SVProgressHUD.bundle/info@3x.png
2017-12-04 11:30:57 +0000  copying file ./Payload/Chapper.app/SVProgressHUD.bundle/success@2x.png ... 
2017-12-04 11:30:57 +0000  462 bytes for ./Payload/Chapper.app/SVProgressHUD.bundle/success@2x.png
copying file ./Payload/Chapper.app/SVProgressHUD.bundle/success@3x.png ... 
2017-12-04 11:30:57 +0000  714 bytes for ./Payload/Chapper.app/SVProgressHUD.bundle/success@3x.png
2017-12-04 11:30:57 +0000  copying file ./Payload/Chapper.app/SVProgressHUD.bundle/info@2x.png ... 
2017-12-04 11:30:57 +0000  816 bytes for ./Payload/Chapper.app/SVProgressHUD.bundle/info@2x.png
2017-12-04 11:30:57 +0000  copying file ./Payload/Chapper.app/SVProgressHUD.bundle/error.png ... 
2017-12-04 11:30:57 +0000  184 bytes for ./Payload/Chapper.app/SVProgressHUD.bundle/error.png
copying file ./Payload/Chapper.app/SVProgressHUD.bundle/success.png ... 
2017-12-04 11:30:57 +0000  262 bytes for ./Payload/Chapper.app/SVProgressHUD.bundle/success.png
2017-12-04 11:30:57 +0000  copying file ./Payload/Chapper.app/SVProgressHUD.bundle/angle-mask.png ... 
2017-12-04 11:30:57 +0000  1845 bytes for ./Payload/Chapper.app/SVProgressHUD.bundle/angle-mask.png
2017-12-04 11:30:57 +0000  copying file ./Payload/Chapper.app/NBResource.bundle/back@2x.png ... 
2017-12-04 11:30:57 +0000  765 bytes for ./Payload/Chapper.app/NBResource.bundle/back@2x.png
2017-12-04 11:30:57 +0000  copying file ./Payload/Chapper.app/NBResource.bundle/en.lproj/Root.strings ... 
2017-12-04 11:30:57 +0000  546 bytes for ./Payload/Chapper.app/NBResource.bundle/en.lproj/Root.strings
copying file ./Payload/Chapper.app/NBResource.bundle/back@3x.png ... 
2017-12-04 11:30:57 +0000  1058 bytes for ./Payload/Chapper.app/NBResource.bundle/back@3x.png
2017-12-04 11:30:57 +0000  copying file ./Payload/Chapper.app/NBResource.bundle/localConfig.json ... 
2017-12-04 11:30:57 +0000  512 bytes for ./Payload/Chapper.app/NBResource.bundle/localConfig.json
copying file ./Payload/Chapper.app/NBResource.bundle/whiteClose@2x.png ... 
2017-12-04 11:30:57 +0000  773 bytes for ./Payload/Chapper.app/NBResource.bundle/whiteClose@2x.png
2017-12-04 11:30:57 +0000  copying file ./Payload/Chapper.app/NBResource.bundle/whiteClose@3x.png ... 
2017-12-04 11:30:57 +0000  1174 bytes for ./Payload/Chapper.app/NBResource.bundle/whiteClose@3x.png
2017-12-04 11:30:57 +0000  copying file ./Payload/Chapper.app/NBResource.bundle/Root.plist ... 
2017-12-04 11:30:57 +0000  1456 bytes for ./Payload/Chapper.app/NBResource.bundle/Root.plist
2017-12-04 11:30:57 +0000  copying file ./Payload/Chapper.app/NBResource.bundle/close@3x.png ... 
2017-12-04 11:30:57 +0000  2203 bytes for ./Payload/Chapper.app/NBResource.bundle/close@3x.png
2017-12-04 11:30:57 +0000  copying file ./Payload/Chapper.app/NBResource.bundle/urlConfig.json ... 
2017-12-04 11:30:57 +0000  698 bytes for ./Payload/Chapper.app/NBResource.bundle/urlConfig.json
copying file ./Payload/Chapper.app/NBResource.bundle/close@2x.png ... 
2017-12-04 11:30:57 +0000  1510 bytes for ./Payload/Chapper.app/NBResource.bundle/close@2x.png
2017-12-04 11:30:57 +0000  copying file ./Payload/Chapper.app/Info.plist ... 
2017-12-04 11:30:57 +0000  1998 bytes for ./Payload/Chapper.app/Info.plist
copying file ./Payload/Chapper.app/PkgInfo ... 
2017-12-04 11:30:57 +0000  8 bytes for ./Payload/Chapper.app/PkgInfo
2017-12-04 11:30:57 +0000  copying file ./Symbols/FA9329C5-49D0-34CC-8A81-10B6EE30E21D.symbols ... 
2017-12-04 11:30:58 +0000  3310408 bytes for ./Symbols/FA9329C5-49D0-34CC-8A81-10B6EE30E21D.symbols
2017-12-04 11:30:58 +0000  copying file ./Symbols/9BED8D85-C701-3A7B-981E-9F57B5F51DEC.symbols ... 
2017-12-04 11:30:58 +0000  2813376 bytes for ./Symbols/9BED8D85-C701-3A7B-981E-9F57B5F51DEC.symbols
2017-12-04 11:30:58 +0000  
2017-12-04 11:30:58 +0000  
2017-12-04 11:30:58 +0000  2017-12-04 11:30:58 +0000  /usr/bin/ditto exited with 0
2017-12-04 11:30:58 +0000  

2017-12-04 11:30:58 +0000  Processing step: IDEDistributionCreateManifestStep
2017-12-04 11:30:58 +0000  Skipping step: IDEDistributionCreateManifestStep because it said so
